********************************************************************************
DUPLICATOR-LITE PACKAGE-LOG: 1st April 2019 2:18 pm
NOTICE: Do NOT post to public sites or forums 
********************************************************************************
VERSION:	1.3.10
WORDPRESS:	5.1.1
PHP INFO:	7.3.2 | SAPI: apache2handler
SERVER:		Apache/2.4.38 (Win64) OpenSSL/1.1.1b PHP/7.3.2 
PHP TIME LIMIT: (0) no time limit imposed 
PHP MAX MEMORY: 4294967296 (128M default) 
MEMORY STACK: 20MB 

********************************************************************************
DATABASE:
********************************************************************************
BUILD MODE:   MYSQLDUMP
MYSQLTIMEOUT: 5000
MYSQLDUMP:    Is Supported 
SQL CREATED: 20190401_mazil_d12577ac64d7ca4e3365_20190401141552_database.sql 
SQL FILE SIZE: 752.22KB (770273) 
SQL FILE TIME: 2019-04-01 14:18:09 
SQL RUNTIME: 2.99 sec. 

******************************************************************************** 
ARCHIVE (ZIP): 
******************************************************************************** 
ARCHIVE DIR:  C:/Users/Marco Ciuffini/Desktop/wordpress 
ARCHIVE FILE: 20190401_mazil_d12577ac64d7ca4e3365_20190401141552_archive.zip 
FILTERS: *ON* 
DIRS:
	not set 
FILES:
	C:/Users/Marco Ciuffini/Desktop/wordpress/wp-content/themes/Travel Blog/pictures/Photos/Octobro/Foreigners-learning-Forró.jpg 
EXTS:  not set 
---------------------------------------- 
COMPRESSING 
SIZE:	85.25MB 
STATS:	Dirs 337 | Files 2,756 
SQL ADDED: 20190401_mazil_d12577ac64d7ca4e3365_20190401141552_database.sql 
ZipArchive Object
(
    [status] => 0
    [statusSys] => 0
    [numFiles] => 3093
    [filename] => C:\Users\Marco Ciuffini\Desktop\wordpress\wp-snapshots\tmp\20190401_mazil_d12577ac64d7ca4e3365_20190401141552_archive.zip
    [comment] => 
)
 
FILE ADDED TO ZIP: 3092 
COMPRESSION RESULT: '1' 
COMPRESSED SIZE: 47.39MB 
ARCHIVE RUNTIME: 66.95 sec. 
MEMORY STACK: 20MB 
building installer 
add_extra_files1 
add_extra_files2 
add_extra_files3 
add_extra_files4 
Doing archive file check 
add_extra_files5 
add_extra_files6 
add_extra_files8 
Successfully opened zip C:/Users/Marco Ciuffini/Desktop/wordpress/wp-snapshots/tmp/20190401_mazil_d12577ac64d7ca4e3365_20190401141552_archive.zip 
Adding enhanced installer files to archive using ZipArchive 
Installer files added to archive 
Added to archive 
After ziparchive close when adding installer 

******************************************************************************** 
INTEGRITY CHECKS: 
******************************************************************************** 
SQL FILE: 752.22KB 
INSTALLER FILE: 207.32KB 
ARCHIVE FILE: 48.33MB  
EXPECTED FILE/DIRECTORY COUNT: 3,093 
ACTUAL FILE/DIRECTORY COUNT: 3,092 
ARCHIVE CONSISTENCY TEST: Pass 

********************************************************************************
RECORD ID:[1]
TOTAL PROCESS RUNTIME: 72.13 sec.
PEAK PHP MEMORY USED: 20MB
DONE PROCESSING => 20190401_mazil 1st April 2019 2:19 pm
 
